<?xml version="1.0" encoding="UTF-8"?>
<!-- Generated by org.testng.reporters.JUnitXMLReporter -->
<testsuite hostname="DESKTOP-V3QG482" ignored="0" name="TestNG Test" tests="3" failures="0" timestamp="16 Apr 2020 16:35:36 GMT" time="3.388" errors="0">
  <testcase name="test_CreateUser" time="3.15" classname="testCases.TC_1_GetAllUsers"/>
  <testcase name="test_getNewlyCreatedUser" time="0.112" classname="testCases.TC_1_GetAllUsers"/>
  <testcase name="test_getAllUsers_Page1" time="0.081" classname="testCases.TC_1_GetAllUsers"/>
</testsuite> <!-- TestNG Test -->
