<?xml version="1.0" encoding="UTF-8"?>
<testng-results skipped="0" failed="0" ignored="0" total="2" passed="2">
  <reporter-output>
  </reporter-output>
  <suite name="Suite" duration-ms="1812" started-at="2020-04-16T16:26:47Z" finished-at="2020-04-16T16:26:49Z">
    <groups>
    </groups>
    <test name="TestNG Test" duration-ms="1812" started-at="2020-04-16T16:26:47Z" finished-at="2020-04-16T16:26:49Z">
      <class name="testCases.TC_1_GetAllUsers">
        <test-method status="PASS" signature="test_getNewlyCreatedUser()[pri:2, instance:testCases.TC_1_GetAllUsers@2ed0fbae]" name="test_getNewlyCreatedUser" duration-ms="1689" started-at="2020-04-16T16:26:47Z" finished-at="2020-04-16T16:26:49Z">
          <reporter-output>
          </reporter-output>
        </test-method> <!-- test_getNewlyCreatedUser -->
        <test-method status="PASS" signature="test_getAllUsers_Page1()[pri:3, instance:testCases.TC_1_GetAllUsers@2ed0fbae]" name="test_getAllUsers_Page1" duration-ms="78" started-at="2020-04-16T16:26:49Z" finished-at="2020-04-16T16:26:49Z">
          <reporter-output>
          </reporter-output>
        </test-method> <!-- test_getAllUsers_Page1 -->
      </class> <!-- testCases.TC_1_GetAllUsers -->
    </test> <!-- TestNG Test -->
  </suite> <!-- Suite -->
</testng-results>
